<?xml version="1.0" encoding="UTF-8"?>
<!-- Generated by org.testng.reporters.JUnitReportReporter -->
<testsuite skipped="0" hostname="ADMINRG-KK05GOQ" name="com.sds.B" tests="5" failures="0" timestamp="03 Sep 2021 12:18:35 GMT" time="91.719" errors="0">
  <testcase name="tc1" time="17.725" classname="com.sds.B"/>
  <testcase name="tc1" time="17.358" classname="com.sds.B"/>
  <testcase name="tc1" time="17.129" classname="com.sds.B"/>
  <testcase name="tc1" time="23.120" classname="com.sds.B"/>
  <testcase name="tc1" time="16.387" classname="com.sds.B"/>
</testsuite> <!-- com.sds.B -->
