<?xml version="1.0" encoding="UTF-8"?>
<!-- Generated by org.testng.reporters.JUnitReportReporter -->
<testsuite skipped="0" hostname="ADMINRG-KK05GOQ" name="com.ajsjajgad.B" tests="4" failures="0" timestamp="05 Sep 2021 11:20:37 GMT" time="0.046" errors="0">
  <testcase name="tc12" time="0.009" classname="com.ajsjajgad.B"/>
  <testcase name="tc01" time="0.027" classname="com.ajsjajgad.B"/>
  <testcase name="tc23" time="0.003" classname="com.ajsjajgad.B"/>
  <testcase name="tc32" time="0.007" classname="com.ajsjajgad.B"/>
</testsuite> <!-- com.ajsjajgad.B -->
