<?xml version="1.0" encoding="UTF-8"?>
<!-- Generated by org.testng.reporters.JUnitReportReporter -->
<testsuite skipped="0" hostname="ADMINRG-KK05GOQ" name="com.sds.C" tests="5" failures="0" timestamp="04 Sep 2021 11:38:23 GMT" time="76.936" errors="0">
  <testcase name="tc0" time="13.653" classname="com.sds.C"/>
  <testcase name="tc0" time="17.001" classname="com.sds.C"/>
  <testcase name="tc0" time="16.590" classname="com.sds.C"/>
  <testcase name="tc0" time="14.008" classname="com.sds.C"/>
  <testcase name="tc0" time="15.684" classname="com.sds.C"/>
</testsuite> <!-- com.sds.C -->
