<?xml version="1.0" encoding="UTF-8"?>
<!-- Generated by org.testng.reporters.JUnitReportReporter -->
<testsuite skipped="1" hostname="ADMINRG-KK05GOQ" name="com.A" tests="8" failures="0" timestamp="31 Aug 2021 04:17:19 GMT" time="0.037" errors="0">
  <testcase name="tc2" time="0.002" classname="com.A"/>
  <testcase name="tc2" time="0.002" classname="com.A"/>
  <testcase name="tc2" time="0.002" classname="com.A"/>
  <testcase name="tc2" time="0.017" classname="com.A"/>
  <testcase name="tc1" time="0.002" classname="com.A"/>
  <testcase name="tc4" time="0.008" classname="com.A"/>
  <testcase name="tc3" time="0.004" classname="com.A"/>
  <testcase name="tc5" classname="com.A">
    <skipped/>
  </testcase> <!-- tc5 -->
</testsuite> <!-- com.A -->
