<?xml version="1.0" encoding="UTF-8"?>
<!-- Generated by org.testng.reporters.JUnitReportReporter -->
<testsuite skipped="0" hostname="ADMINRG-KK05GOQ" name="com.D" tests="1" failures="0" timestamp="31 Aug 2021 04:10:32 GMT" time="0.009" errors="0">
  <testcase name="tc1" time="0.009" classname="com.D"/>
</testsuite> <!-- com.D -->
