<?xml version="1.0" encoding="UTF-8"?>
<!-- Generated by org.testng.reporters.JUnitReportReporter -->
<testsuite skipped="0" hostname="ADMINRG-KK05GOQ" name="org.sam.Sample3" tests="4" failures="0" timestamp="01 Sep 2021 06:06:22 GMT" time="0.016" errors="0">
  <testcase name="tc21" time="0.004" classname="org.sam.Sample3"/>
  <testcase name="tc23" time="0.002" classname="org.sam.Sample3"/>
  <testcase name="tc22" time="0.006" classname="org.sam.Sample3"/>
  <testcase name="tc20" time="0.004" classname="org.sam.Sample3"/>
</testsuite> <!-- org.sam.Sample3 -->
