<?xml version="1.0" encoding="UTF-8"?>
<!-- Generated by org.testng.reporters.JUnitReportReporter -->
<testsuite skipped="0" hostname="ADMINRG-KK05GOQ" name="org.sam.Sample1" tests="1" failures="0" timestamp="07 Sep 2021 08:29:54 GMT" time="10.779" errors="0">
  <testcase name="tco" time="10.779" classname="org.sam.Sample1"/>
</testsuite> <!-- org.sam.Sample1 -->
