<?xml version="1.0" encoding="UTF-8"?>
<!-- Generated by org.testng.reporters.JUnitReportReporter -->
<testsuite skipped="0" hostname="ADMINRG-KK05GOQ" name="com.ajsjajgad.A" tests="4" failures="0" timestamp="05 Sep 2021 11:22:44 GMT" time="0.033" errors="0">
  <testcase name="tc0" time="0.020" classname="com.ajsjajgad.A"/>
  <testcase name="tc1" time="0.008" classname="com.ajsjajgad.A"/>
  <testcase name="tc2" time="0.003" classname="com.ajsjajgad.A"/>
  <testcase name="tc3" time="0.002" classname="com.ajsjajgad.A"/>
</testsuite> <!-- com.ajsjajgad.A -->
